<?xml version="1.0" encoding="UTF-8"?>
<!-- Generated by org.testng.reporters.JUnitReportReporter -->
<testsuite skipped="0" hostname="A2ML31199" name="runner.AutomationPracticeRunner" tests="1" failures="0" timestamp="28 May 2019 18:20:49 GMT" time="179.993" errors="0">
  <testcase name="feature" time="179.993" classname="runner.AutomationPracticeRunner"/>
</testsuite> <!-- runner.AutomationPracticeRunner -->
